<?xml version="1.0" encoding="UTF-8"?>
<testsuite name="example.cashcard.CashCardApplicationTests" tests="2" skipped="0" failures="0" errors="0" timestamp="2025-08-07T01:02:41" hostname="DELL" time="2.042">
  <properties/>
  <testcase name="shouldReturnACashCardWhenDataIsSaved()" classname="example.cashcard.CashCardApplicationTests" time="2.021"/>
  <testcase name="shouldNotReturnACashCardWithAnUnknownId()" classname="example.cashcard.CashCardApplicationTests" time="0.019"/>
  <system-out><![CDATA[21:02:36.063 [Test worker] INFO org.springframework.test.context.support.AnnotationConfigContextLoaderUtils -- Could not detect default configuration classes for test class [example.cashcard.CashCardApplicationTests]: CashCardApplicationTests does not declare any static, non-private, non-final, nested classes annotated with @Configuration.
21:02:36.382 [Test worker] INFO org.springframework.boot.test.context.SpringBootTestContextBootstrapper -- Found @SpringBootConfiguration example.Application for test class example.cashcard.CashCardApplicationTests

  .   ____          _            __ _ _
 /\\ / ___'_ __ _ _(_)_ __  __ _ \ \ \ \
( ( )\___ | '_ | '_| | '_ \/ _` | \ \ \ \
 \\/  ___)| |_)| | | | | || (_| |  ) ) ) )
  '  |____| .__|_| |_|_| |_\__, | / / / /
 =========|_|==============|___/=/_/_/_/
 :: Spring Boot ::                (v3.1.0)

2025-08-06T21:02:37.116-04:00  INFO 14752 --- [    Test worker] e.cashcard.CashCardApplicationTests      : Starting CashCardApplicationTests using Java 17.0.12 with PID 14752 (started by MI EQUIPO in D:\Carlos\Cours\Springboot\CCS)
2025-08-06T21:02:37.118-04:00  INFO 14752 --- [    Test worker] e.cashcard.CashCardApplicationTests      : No active profile set, falling back to 1 default profile: "default"
2025-08-06T21:02:39.566-04:00  INFO 14752 --- [    Test worker] o.s.b.w.embedded.tomcat.TomcatWebServer  : Tomcat initialized with port(s): 0 (http)
2025-08-06T21:02:39.595-04:00  INFO 14752 --- [    Test worker] o.apache.catalina.core.StandardService   : Starting service [Tomcat]
2025-08-06T21:02:39.596-04:00  INFO 14752 --- [    Test worker] o.apache.catalina.core.StandardEngine    : Starting Servlet engine: [Apache Tomcat/10.1.8]
2025-08-06T21:02:39.925-04:00  INFO 14752 --- [    Test worker] o.a.c.c.C.[Tomcat].[localhost].[/]       : Initializing Spring embedded WebApplicationContext
2025-08-06T21:02:39.930-04:00  INFO 14752 --- [    Test worker] w.s.c.ServletWebServerApplicationContext : Root WebApplicationContext: initialization completed in 2210 ms
2025-08-06T21:02:40.947-04:00  WARN 14752 --- [    Test worker] .b.a.g.t.GroovyTemplateAutoConfiguration : Cannot find template location: classpath:/templates/ (please add some templates, check your Groovy configuration, or set spring.groovy.template.check-template-location=false)
2025-08-06T21:02:41.609-04:00  INFO 14752 --- [    Test worker] o.s.b.w.embedded.tomcat.TomcatWebServer  : Tomcat started on port(s): 55347 (http) with context path ''
2025-08-06T21:02:41.623-04:00  INFO 14752 --- [    Test worker] e.cashcard.CashCardApplicationTests      : Started CashCardApplicationTests in 4.93 seconds (process running for 7.684)
2025-08-06T21:02:43.232-04:00  INFO 14752 --- [o-auto-1-exec-1] o.a.c.c.C.[Tomcat].[localhost].[/]       : Initializing Spring DispatcherServlet 'dispatcherServlet'
2025-08-06T21:02:43.233-04:00  INFO 14752 --- [o-auto-1-exec-1] o.s.web.servlet.DispatcherServlet        : Initializing Servlet 'dispatcherServlet'
2025-08-06T21:02:43.235-04:00  INFO 14752 --- [o-auto-1-exec-1] o.s.web.servlet.DispatcherServlet        : Completed initialization in 1 ms
]]></system-out>
  <system-err><![CDATA[]]></system-err>
</testsuite>
