<?xml version="1.0" encoding="UTF-8"?>
<testsuite name="example.cashcard.CashCardJsonTest" tests="3" skipped="0" failures="0" errors="0" timestamp="2025-08-19T00:51:11" hostname="DELL" time="1.949">
  <properties/>
  <testcase name="cashCardSerializationTest()" classname="example.cashcard.CashCardJsonTest" time="1.868"/>
  <testcase name="numberTest()" classname="example.cashcard.CashCardJsonTest" time="0.009"/>
  <testcase name="cashCardDeserializationTest()" classname="example.cashcard.CashCardJsonTest" time="0.066"/>
  <system-out><![CDATA[2025-08-18T20:51:10.744-04:00  INFO 11796 --- [    Test worker] t.c.s.AnnotationConfigContextLoaderUtils : Could not detect default configuration classes for test class [example.cashcard.CashCardJsonTest]: CashCardJsonTest does not declare any static, non-private, non-final, nested classes annotated with @Configuration.
2025-08-18T20:51:10.779-04:00  INFO 11796 --- [    Test worker] .b.t.c.SpringBootTestContextBootstrapper : Found @SpringBootConfiguration example.cashcard.CashCardApplication for test class example.cashcard.CashCardJsonTest

  .   ____          _            __ _ _
 /\\ / ___'_ __ _ _(_)_ __  __ _ \ \ \ \
( ( )\___ | '_ | '_| | '_ \/ _` | \ \ \ \
 \\/  ___)| |_)| | | | | || (_| |  ) ) ) )
  '  |____| .__|_| |_|_| |_\__, | / / / /
 =========|_|==============|___/=/_/_/_/
 :: Spring Boot ::                (v3.1.0)

2025-08-18T20:51:10.873-04:00  INFO 11796 --- [    Test worker] example.cashcard.CashCardJsonTest        : Starting CashCardJsonTest using Java 17.0.12 with PID 11796 (started by MI EQUIPO in D:\Carlos\Cours\Springboot\CCS)
2025-08-18T20:51:10.873-04:00  INFO 11796 --- [    Test worker] example.cashcard.CashCardJsonTest        : No active profile set, falling back to 1 default profile: "default"
2025-08-18T20:51:11.151-04:00  INFO 11796 --- [    Test worker] example.cashcard.CashCardJsonTest        : Started CashCardJsonTest in 0.363 seconds (process running for 10.875)
]]></system-out>
  <system-err><![CDATA[]]></system-err>
</testsuite>
